<?xml version="1.0" encoding="UTF-8"?>
<!-- Generated by org.testng.reporters.JUnitXMLReporter -->
<testsuite ignored="3" hostname="LAPTOP-EVFAD97F" failures="0" tests="1" name="Default test" time="42.744" errors="0" timestamp="2026-05-14T17:06:35 IST">
  <testcase classname="Test.TC003" name="increaseQuantity" time="36.442"/>
  <testcase classname="Test.TC003" name="addProductToCart" time="0.0">
    <ignored/>
  </testcase> <!-- addProductToCart -->
  <testcase classname="Test.TC003" name="addTwoDifferentProduct" time="0.0">
    <ignored/>
  </testcase> <!-- addTwoDifferentProduct -->
  <testcase classname="Test.TC003" name="productNameSearch" time="0.0">
    <ignored/>
  </testcase> <!-- productNameSearch -->
</testsuite> <!-- Default test -->
