<?xml version="1.0" encoding="UTF-8"?>
<!-- Generated by org.testng.reporters.JUnitXMLReporter -->
<testsuite ignored="0" hostname="LAPTOP-EVFAD97F" failures="0" tests="8" name="ChromeTest" time="530.423" errors="0" timestamp="2026-03-09T18:06:25 IST">
  <testcase classname="Test.MainTest" name="loginTest" time="37.318"/>
  <testcase classname="Test.TC002" name="productTest" time="25.972"/>
  <testcase classname="Test.TC002" name="productTest" time="37.899"/>
  <testcase classname="Test.TC002" name="productTest" time="14.56"/>
  <testcase classname="Test.TC003" name="addProductToCart" time="9.835"/>
  <testcase classname="Test.TC003" name="addTwoDifferentProduct" time="20.687"/>
  <testcase classname="Test.TC003" name="increaseQuantity" time="28.137"/>
  <testcase classname="Test.TC004" name="checkoutFlow" time="59.635"/>
</testsuite> <!-- ChromeTest -->
