<?xml version="1.0" encoding="UTF-8"?>
<!-- Generated by org.testng.reporters.JUnitXMLReporter -->
<testsuite ignored="0" hostname="LAPTOP-EVFAD97F" failures="0" tests="9" name="EdgeTest" time="356.895" errors="0" timestamp="2026-03-09T18:03:31 IST">
  <testcase classname="Test.MainTest" name="loginTest" time="44.831"/>
  <testcase classname="Test.TC002" name="productTest" time="12.385"/>
  <testcase classname="Test.TC002" name="productTest" time="55.502"/>
  <testcase classname="Test.TC002" name="productTest" time="31.173"/>
  <testcase classname="Test.TC003" name="addProductToCart" time="9.468"/>
  <testcase classname="Test.TC003" name="addTwoDifferentProduct" time="9.572"/>
  <testcase classname="Test.TC003" name="increaseQuantity" time="20.448"/>
  <testcase classname="Test.TC004" name="checkoutFlow" time="58.676"/>
  <testcase classname="Test.TC004" name="multiProductCartLogic" time="16.492"/>
</testsuite> <!-- EdgeTest -->
