<?xml version="1.0" encoding="UTF-8"?>
<testng-results ignored="3" total="4" passed="1" failed="0" skipped="0">
  <reporter-output>
  </reporter-output>
  <suite started-at="2026-05-14T17:05:52 IST" name="Default suite" finished-at="2026-05-14T17:06:35 IST" duration-ms="42744">
    <groups>
      <group name="regression">
        <method signature="TC003.increaseQuantity()[pri:0, instance:Test.TC003@6caf0677]" name="increaseQuantity" class="Test.TC003"/>
      </group> <!-- regression -->
    </groups>
    <test started-at="2026-05-14T17:05:52 IST" name="Default test" finished-at="2026-05-14T17:06:35 IST" duration-ms="42744">
      <class name="Test.TC003">
        <test-method is-config="true" signature="setUp(java.lang.String)[pri:0, instance:Test.TC003@6caf0677]" started-at="2026-05-14T17:05:52 IST" name="setUp" finished-at="2026-05-14T17:05:58 IST" duration-ms="5952" status="PASS">
          <params>
            <param index="0">
              <value>
                <![CDATA[chrome]]>
              </value>
            </param>
          </params>
          <reporter-output>
          </reporter-output>
        </test-method> <!-- setUp -->
        <test-method signature="increaseQuantity()[pri:0, instance:Test.TC003@6caf0677]" started-at="2026-05-14T17:05:58 IST" name="increaseQuantity" finished-at="2026-05-14T17:06:34 IST" duration-ms="36442" status="PASS">
          <reporter-output>
          </reporter-output>
        </test-method> <!-- increaseQuantity -->
        <test-method is-config="true" signature="tearDown()[pri:0, instance:Test.TC003@6caf0677]" started-at="2026-05-14T17:06:34 IST" name="tearDown" finished-at="2026-05-14T17:06:35 IST" duration-ms="309" status="PASS">
          <reporter-output>
          </reporter-output>
        </test-method> <!-- tearDown -->
      </class> <!-- Test.TC003 -->
    </test> <!-- Default test -->
  </suite> <!-- Default suite -->
</testng-results>
