<?xml version="1.0" encoding="UTF-8"?>
<testng-results retried="4" ignored="0" total="24" passed="20" failed="0" skipped="0">
  <reporter-output>
  </reporter-output>
  <suite started-at="2026-05-07T16:46:44 IST" name="Suite" finished-at="2026-05-07T16:58:11 IST" duration-ms="687000">
    <groups>
    </groups>
    <test started-at="2026-05-07T16:46:44 IST" name="EdgeTest" finished-at="2026-05-07T16:50:31 IST" duration-ms="226906">
      <class name="Test.TC002">
        <test-method is-config="true" signature="setUp(java.lang.String)[pri:0, instance:Test.TC002@28cda624]" started-at="2026-05-07T16:47:09 IST" name="setUp" finished-at="2026-05-07T16:47:14 IST" duration-ms="5003" status="PASS">
          <params>
            <param index="0">
              <value>
                <![CDATA[edge]]>
              </value>
            </param>
          </params>
          <reporter-output>
          </reporter-output>
        </test-method> <!-- setUp -->
        <test-method signature="productTest(java.lang.String,java.lang.String,java.lang.String)[pri:0, instance:Test.TC002@28cda624]" started-at="2026-05-07T16:47:14 IST" name="productTest" data-provider="Items" finished-at="2026-05-07T16:47:24 IST" duration-ms="9656" status="PASS">
          <params>
            <param index="0">
              <value>
                <![CDATA[T-shirt]]>
              </value>
            </param>
            <param index="1">
              <value>
                <![CDATA[Pure Cotton V-Neck T-Shirt]]>
              </value>
            </param>
            <param index="2">
              <value>
                <![CDATA[Rs. 1299]]>
              </value>
            </param>
          </params>
          <reporter-output>
          </reporter-output>
        </test-method> <!-- productTest -->
        <test-method is-config="true" signature="tearDown()[pri:0, instance:Test.TC002@28cda624]" started-at="2026-05-07T16:47:24 IST" name="tearDown" finished-at="2026-05-07T16:47:25 IST" duration-ms="559" status="PASS">
          <reporter-output>
          </reporter-output>
        </test-method> <!-- tearDown -->
        <test-method is-config="true" signature="setUp(java.lang.String)[pri:0, instance:Test.TC002@28cda624]" started-at="2026-05-07T16:47:25 IST" name="setUp" finished-at="2026-05-07T16:47:36 IST" duration-ms="11496" status="PASS">
          <params>
            <param index="0">
              <value>
                <![CDATA[edge]]>
              </value>
            </param>
          </params>
          <reporter-output>
          </reporter-output>
        </test-method> <!-- setUp -->
        <test-method signature="productTest(java.lang.String,java.lang.String,java.lang.String)[pri:0, instance:Test.TC002@28cda624]" started-at="2026-05-07T16:47:36 IST" name="productTest" data-provider="Items" finished-at="2026-05-07T16:47:47 IST" duration-ms="10480" status="PASS">
          <params>
            <param index="0">
              <value>
                <![CDATA[Jeans]]>
              </value>
            </param>
            <param index="1">
              <value>
                <![CDATA[Soft Stretch Jeans]]>
              </value>
            </param>
            <param index="2">
              <value>
                <![CDATA[Rs. 799]]>
              </value>
            </param>
          </params>
          <reporter-output>
          </reporter-output>
        </test-method> <!-- productTest -->
        <test-method is-config="true" signature="tearDown()[pri:0, instance:Test.TC002@28cda624]" started-at="2026-05-07T16:47:47 IST" name="tearDown" finished-at="2026-05-07T16:47:47 IST" duration-ms="392" status="PASS">
          <reporter-output>
          </reporter-output>
        </test-method> <!-- tearDown -->
        <test-method is-config="true" signature="setUp(java.lang.String)[pri:0, instance:Test.TC002@28cda624]" started-at="2026-05-07T16:47:47 IST" name="setUp" finished-at="2026-05-07T16:47:54 IST" duration-ms="6491" status="PASS">
          <params>
            <param index="0">
              <value>
                <![CDATA[edge]]>
              </value>
            </param>
          </params>
          <reporter-output>
          </reporter-output>
        </test-method> <!-- setUp -->
        <test-method signature="productTest(java.lang.String,java.lang.String,java.lang.String)[pri:0, instance:Test.TC002@28cda624]" started-at="2026-05-07T16:47:54 IST" name="productTest" data-provider="Items" finished-at="2026-05-07T16:48:02 IST" duration-ms="8905" status="PASS">
          <params>
            <param index="0">
              <value>
                <![CDATA[Dress]]>
              </value>
            </param>
            <param index="1">
              <value>
                <![CDATA[Sleeveless Dress]]>
              </value>
            </param>
            <param index="2">
              <value>
                <![CDATA[Rs. 1000]]>
              </value>
            </param>
          </params>
          <reporter-output>
          </reporter-output>
        </test-method> <!-- productTest -->
        <test-method is-config="true" signature="tearDown()[pri:0, instance:Test.TC002@28cda624]" started-at="2026-05-07T16:48:03 IST" name="tearDown" finished-at="2026-05-07T16:48:03 IST" duration-ms="397" status="PASS">
          <reporter-output>
          </reporter-output>
        </test-method> <!-- tearDown -->
      </class> <!-- Test.TC002 -->
      <class name="Test.TC003">
        <test-method is-config="true" signature="setUp(java.lang.String)[pri:0, instance:Test.TC003@1500b2f3]" started-at="2026-05-07T16:48:03 IST" name="setUp" finished-at="2026-05-07T16:48:09 IST" duration-ms="5919" status="PASS">
          <params>
            <param index="0">
              <value>
                <![CDATA[edge]]>
              </value>
            </param>
          </params>
          <reporter-output>
          </reporter-output>
        </test-method> <!-- setUp -->
        <test-method signature="addProductToCart()[pri:0, instance:Test.TC003@1500b2f3]" started-at="2026-05-07T16:48:09 IST" name="addProductToCart" finished-at="2026-05-07T16:48:19 IST" duration-ms="10091" status="PASS">
          <reporter-output>
          </reporter-output>
        </test-method> <!-- addProductToCart -->
        <test-method is-config="true" signature="tearDown()[pri:0, instance:Test.TC003@1500b2f3]" started-at="2026-05-07T16:48:19 IST" name="tearDown" finished-at="2026-05-07T16:48:20 IST" duration-ms="413" status="PASS">
          <reporter-output>
          </reporter-output>
        </test-method> <!-- tearDown -->
        <test-method is-config="true" signature="setUp(java.lang.String)[pri:0, instance:Test.TC003@1500b2f3]" started-at="2026-05-07T16:48:20 IST" name="setUp" finished-at="2026-05-07T16:48:27 IST" duration-ms="6773" status="PASS">
          <params>
            <param index="0">
              <value>
                <![CDATA[edge]]>
              </value>
            </param>
          </params>
          <reporter-output>
          </reporter-output>
        </test-method> <!-- setUp -->
        <test-method signature="addTwoDifferentProduct()[pri:0, instance:Test.TC003@1500b2f3]" started-at="2026-05-07T16:48:27 IST" name="addTwoDifferentProduct" finished-at="2026-05-07T16:48:38 IST" duration-ms="11013" status="PASS">
          <reporter-output>
          </reporter-output>
        </test-method> <!-- addTwoDifferentProduct -->
        <test-method is-config="true" signature="tearDown()[pri:0, instance:Test.TC003@1500b2f3]" started-at="2026-05-07T16:48:38 IST" name="tearDown" finished-at="2026-05-07T16:48:39 IST" duration-ms="559" status="PASS">
          <reporter-output>
          </reporter-output>
        </test-method> <!-- tearDown -->
        <test-method is-config="true" signature="setUp(java.lang.String)[pri:0, instance:Test.TC003@1500b2f3]" started-at="2026-05-07T16:48:39 IST" name="setUp" finished-at="2026-05-07T16:48:44 IST" duration-ms="5670" status="PASS">
          <params>
            <param index="0">
              <value>
                <![CDATA[edge]]>
              </value>
            </param>
          </params>
          <reporter-output>
          </reporter-output>
        </test-method> <!-- setUp -->
        <test-method signature="increaseQuantity()[pri:0, instance:Test.TC003@1500b2f3]" started-at="2026-05-07T16:48:44 IST" name="increaseQuantity" finished-at="2026-05-07T16:48:59 IST" duration-ms="14737" status="PASS">
          <reporter-output>
          </reporter-output>
        </test-method> <!-- increaseQuantity -->
        <test-method is-config="true" signature="tearDown()[pri:0, instance:Test.TC003@1500b2f3]" started-at="2026-05-07T16:48:59 IST" name="tearDown" finished-at="2026-05-07T16:49:00 IST" duration-ms="373" status="PASS">
          <reporter-output>
          </reporter-output>
        </test-method> <!-- tearDown -->
        <test-method is-config="true" signature="setUp(java.lang.String)[pri:0, instance:Test.TC003@1500b2f3]" started-at="2026-05-07T16:49:00 IST" name="setUp" finished-at="2026-05-07T16:49:05 IST" duration-ms="5352" status="PASS">
          <params>
            <param index="0">
              <value>
                <![CDATA[edge]]>
              </value>
            </param>
          </params>
          <reporter-output>
          </reporter-output>
        </test-method> <!-- setUp -->
        <test-method signature="productNameSearch()[pri:0, instance:Test.TC003@1500b2f3]" started-at="2026-05-07T16:49:05 IST" name="productNameSearch" finished-at="2026-05-07T16:49:12 IST" duration-ms="6590" status="PASS">
          <reporter-output>
          </reporter-output>
        </test-method> <!-- productNameSearch -->
        <test-method is-config="true" signature="tearDown()[pri:0, instance:Test.TC003@1500b2f3]" started-at="2026-05-07T16:49:12 IST" name="tearDown" finished-at="2026-05-07T16:49:12 IST" duration-ms="306" status="PASS">
          <reporter-output>
          </reporter-output>
        </test-method> <!-- tearDown -->
      </class> <!-- Test.TC003 -->
      <class name="Test.TC004">
        <test-method is-config="true" signature="setUp(java.lang.String)[pri:0, instance:Test.TC004@7eecb5b8]" started-at="2026-05-07T16:49:12 IST" name="setUp" finished-at="2026-05-07T16:49:27 IST" duration-ms="14532" status="PASS">
          <params>
            <param index="0">
              <value>
                <![CDATA[edge]]>
              </value>
            </param>
          </params>
          <reporter-output>
          </reporter-output>
        </test-method> <!-- setUp -->
        <test-method signature="checkoutFlow()[pri:0, instance:Test.TC004@7eecb5b8]" started-at="2026-05-07T16:49:27 IST" name="checkoutFlow" finished-at="2026-05-07T16:50:03 IST" duration-ms="36652" status="PASS">
          <reporter-output>
          </reporter-output>
        </test-method> <!-- checkoutFlow -->
        <test-method is-config="true" signature="tearDown()[pri:0, instance:Test.TC004@7eecb5b8]" started-at="2026-05-07T16:50:04 IST" name="tearDown" finished-at="2026-05-07T16:50:04 IST" duration-ms="369" status="PASS">
          <reporter-output>
          </reporter-output>
        </test-method> <!-- tearDown -->
        <test-method is-config="true" signature="setUp(java.lang.String)[pri:0, instance:Test.TC004@7eecb5b8]" started-at="2026-05-07T16:50:04 IST" name="setUp" finished-at="2026-05-07T16:50:11 IST" duration-ms="6926" status="PASS">
          <params>
            <param index="0">
              <value>
                <![CDATA[edge]]>
              </value>
            </param>
          </params>
          <reporter-output>
          </reporter-output>
        </test-method> <!-- setUp -->
        <test-method signature="multiProductCartLogic()[pri:0, instance:Test.TC004@7eecb5b8]" started-at="2026-05-07T16:50:11 IST" name="multiProductCartLogic" finished-at="2026-05-07T16:50:29 IST" duration-ms="18300" status="PASS">
          <reporter-output>
          </reporter-output>
        </test-method> <!-- multiProductCartLogic -->
        <test-method is-config="true" signature="tearDown()[pri:0, instance:Test.TC004@7eecb5b8]" started-at="2026-05-07T16:50:29 IST" name="tearDown" finished-at="2026-05-07T16:50:31 IST" duration-ms="1125" status="PASS">
          <reporter-output>
          </reporter-output>
        </test-method> <!-- tearDown -->
      </class> <!-- Test.TC004 -->
      <class name="Test.MainTest">
        <test-method is-config="true" signature="setUp(java.lang.String)[pri:0, instance:Test.MainTest@387a8303]" started-at="2026-05-07T16:46:44 IST" name="setUp" finished-at="2026-05-07T16:46:53 IST" duration-ms="8897" status="PASS">
          <params>
            <param index="0">
              <value>
                <![CDATA[edge]]>
              </value>
            </param>
          </params>
          <reporter-output>
          </reporter-output>
        </test-method> <!-- setUp -->
        <test-method signature="loginTest()[pri:0, instance:Test.MainTest@387a8303]" started-at="2026-05-07T16:46:53 IST" name="loginTest" finished-at="2026-05-07T16:47:08 IST" duration-ms="15557" status="PASS">
          <reporter-output>
          </reporter-output>
        </test-method> <!-- loginTest -->
        <test-method is-config="true" signature="tearDown()[pri:0, instance:Test.MainTest@387a8303]" started-at="2026-05-07T16:47:09 IST" name="tearDown" finished-at="2026-05-07T16:47:09 IST" duration-ms="544" status="PASS">
          <reporter-output>
          </reporter-output>
        </test-method> <!-- tearDown -->
      </class> <!-- Test.MainTest -->
    </test> <!-- EdgeTest -->
    <test started-at="2026-05-07T16:46:44 IST" name="ChromeTest" finished-at="2026-05-07T16:58:11 IST" duration-ms="687000">
      <class name="Test.TC002">
        <test-method is-config="true" signature="setUp(java.lang.String)[pri:0, instance:Test.TC002@239a307b]" started-at="2026-05-07T16:50:07 IST" name="setUp" finished-at="2026-05-07T16:50:13 IST" duration-ms="5719" status="PASS">
          <params>
            <param index="0">
              <value>
                <![CDATA[chrome]]>
              </value>
            </param>
          </params>
          <reporter-output>
          </reporter-output>
        </test-method> <!-- setUp -->
        <test-method signature="productTest(java.lang.String,java.lang.String,java.lang.String)[pri:0, instance:Test.TC002@239a307b]" started-at="2026-05-07T16:50:13 IST" name="productTest" data-provider="Items" finished-at="2026-05-07T16:50:28 IST" duration-ms="15411" status="PASS">
          <params>
            <param index="0">
              <value>
                <![CDATA[T-shirt]]>
              </value>
            </param>
            <param index="1">
              <value>
                <![CDATA[Pure Cotton V-Neck T-Shirt]]>
              </value>
            </param>
            <param index="2">
              <value>
                <![CDATA[Rs. 1299]]>
              </value>
            </param>
          </params>
          <reporter-output>
          </reporter-output>
        </test-method> <!-- productTest -->
        <test-method is-config="true" signature="tearDown()[pri:0, instance:Test.TC002@239a307b]" started-at="2026-05-07T16:50:28 IST" name="tearDown" finished-at="2026-05-07T16:50:29 IST" duration-ms="872" status="PASS">
          <reporter-output>
          </reporter-output>
        </test-method> <!-- tearDown -->
        <test-method is-config="true" signature="setUp(java.lang.String)[pri:0, instance:Test.TC002@239a307b]" started-at="2026-05-07T16:50:29 IST" name="setUp" finished-at="2026-05-07T16:50:34 IST" duration-ms="5155" status="PASS">
          <params>
            <param index="0">
              <value>
                <![CDATA[chrome]]>
              </value>
            </param>
          </params>
          <reporter-output>
          </reporter-output>
        </test-method> <!-- setUp -->
        <test-method signature="productTest(java.lang.String,java.lang.String,java.lang.String)[pri:0, instance:Test.TC002@239a307b]" started-at="2026-05-07T16:50:34 IST" name="productTest" data-provider="Items" finished-at="2026-05-07T16:51:09 IST" duration-ms="35013" status="PASS">
          <params>
            <param index="0">
              <value>
                <![CDATA[Jeans]]>
              </value>
            </param>
            <param index="1">
              <value>
                <![CDATA[Soft Stretch Jeans]]>
              </value>
            </param>
            <param index="2">
              <value>
                <![CDATA[Rs. 799]]>
              </value>
            </param>
          </params>
          <reporter-output>
          </reporter-output>
        </test-method> <!-- productTest -->
        <test-method is-config="true" signature="tearDown()[pri:0, instance:Test.TC002@239a307b]" started-at="2026-05-07T16:51:10 IST" name="tearDown" finished-at="2026-05-07T16:51:10 IST" duration-ms="337" status="PASS">
          <reporter-output>
          </reporter-output>
        </test-method> <!-- tearDown -->
        <test-method is-config="true" signature="setUp(java.lang.String)[pri:0, instance:Test.TC002@239a307b]" started-at="2026-05-07T16:51:10 IST" name="setUp" finished-at="2026-05-07T16:51:16 IST" duration-ms="5895" status="PASS">
          <params>
            <param index="0">
              <value>
                <![CDATA[chrome]]>
              </value>
            </param>
          </params>
          <reporter-output>
          </reporter-output>
        </test-method> <!-- setUp -->
        <test-method signature="productTest(java.lang.String,java.lang.String,java.lang.String)[pri:0, instance:Test.TC002@239a307b]" started-at="2026-05-07T16:51:16 IST" name="productTest" data-provider="Items" finished-at="2026-05-07T16:51:34 IST" duration-ms="18637" status="PASS">
          <params>
            <param index="0">
              <value>
                <![CDATA[Dress]]>
              </value>
            </param>
            <param index="1">
              <value>
                <![CDATA[Sleeveless Dress]]>
              </value>
            </param>
            <param index="2">
              <value>
                <![CDATA[Rs. 1000]]>
              </value>
            </param>
          </params>
          <reporter-output>
          </reporter-output>
        </test-method> <!-- productTest -->
        <test-method is-config="true" signature="tearDown()[pri:0, instance:Test.TC002@239a307b]" started-at="2026-05-07T16:51:35 IST" name="tearDown" finished-at="2026-05-07T16:51:35 IST" duration-ms="522" status="PASS">
          <reporter-output>
          </reporter-output>
        </test-method> <!-- tearDown -->
      </class> <!-- Test.TC002 -->
      <class name="Test.TC003">
        <test-method is-config="true" signature="setUp(java.lang.String)[pri:0, instance:Test.TC003@2a8448fa]" started-at="2026-05-07T16:51:35 IST" name="setUp" finished-at="2026-05-07T16:51:37 IST" duration-ms="2160" status="PASS">
          <params>
            <param index="0">
              <value>
                <![CDATA[chrome]]>
              </value>
            </param>
          </params>
          <reporter-output>
          </reporter-output>
        </test-method> <!-- setUp -->
        <test-method signature="addProductToCart()[pri:0, instance:Test.TC003@2a8448fa]" started-at="2026-05-07T16:51:37 IST" name="addProductToCart" finished-at="2026-05-07T16:51:52 IST" duration-ms="14670" status="PASS">
          <reporter-output>
          </reporter-output>
        </test-method> <!-- addProductToCart -->
        <test-method is-config="true" signature="tearDown()[pri:0, instance:Test.TC003@2a8448fa]" started-at="2026-05-07T16:51:52 IST" name="tearDown" finished-at="2026-05-07T16:51:53 IST" duration-ms="298" status="PASS">
          <reporter-output>
          </reporter-output>
        </test-method> <!-- tearDown -->
        <test-method is-config="true" signature="setUp(java.lang.String)[pri:0, instance:Test.TC003@2a8448fa]" started-at="2026-05-07T16:51:53 IST" name="setUp" finished-at="2026-05-07T16:52:04 IST" duration-ms="11303" status="PASS">
          <params>
            <param index="0">
              <value>
                <![CDATA[chrome]]>
              </value>
            </param>
          </params>
          <reporter-output>
          </reporter-output>
        </test-method> <!-- setUp -->
        <test-method signature="addTwoDifferentProduct()[pri:0, instance:Test.TC003@2a8448fa]" started-at="2026-05-07T16:52:04 IST" name="addTwoDifferentProduct" finished-at="2026-05-07T16:52:19 IST" duration-ms="15604" status="PASS">
          <reporter-output>
          </reporter-output>
        </test-method> <!-- addTwoDifferentProduct -->
        <test-method is-config="true" signature="tearDown()[pri:0, instance:Test.TC003@2a8448fa]" started-at="2026-05-07T16:52:20 IST" name="tearDown" finished-at="2026-05-07T16:52:20 IST" duration-ms="539" status="PASS">
          <reporter-output>
          </reporter-output>
        </test-method> <!-- tearDown -->
        <test-method is-config="true" signature="setUp(java.lang.String)[pri:0, instance:Test.TC003@2a8448fa]" started-at="2026-05-07T16:52:20 IST" name="setUp" finished-at="2026-05-07T16:52:27 IST" duration-ms="6348" status="PASS">
          <params>
            <param index="0">
              <value>
                <![CDATA[chrome]]>
              </value>
            </param>
          </params>
          <reporter-output>
          </reporter-output>
        </test-method> <!-- setUp -->
        <test-method signature="increaseQuantity()[pri:0, instance:Test.TC003@2a8448fa]" started-at="2026-05-07T16:52:27 IST" name="increaseQuantity" finished-at="2026-05-07T16:53:22 IST" duration-ms="54999" status="PASS">
          <reporter-output>
          </reporter-output>
        </test-method> <!-- increaseQuantity -->
        <test-method is-config="true" signature="tearDown()[pri:0, instance:Test.TC003@2a8448fa]" started-at="2026-05-07T16:53:22 IST" name="tearDown" finished-at="2026-05-07T16:53:22 IST" duration-ms="358" status="PASS">
          <reporter-output>
          </reporter-output>
        </test-method> <!-- tearDown -->
        <test-method is-config="true" signature="setUp(java.lang.String)[pri:0, instance:Test.TC003@2a8448fa]" started-at="2026-05-07T16:53:22 IST" name="setUp" finished-at="2026-05-07T16:53:27 IST" duration-ms="5332" status="PASS">
          <params>
            <param index="0">
              <value>
                <![CDATA[chrome]]>
              </value>
            </param>
          </params>
          <reporter-output>
          </reporter-output>
        </test-method> <!-- setUp -->
        <test-method signature="productNameSearch()[pri:0, instance:Test.TC003@2a8448fa]" started-at="2026-05-07T16:53:27 IST" name="productNameSearch" finished-at="2026-05-07T16:53:49 IST" duration-ms="21830" status="PASS">
          <reporter-output>
          </reporter-output>
        </test-method> <!-- productNameSearch -->
        <test-method is-config="true" signature="tearDown()[pri:0, instance:Test.TC003@2a8448fa]" started-at="2026-05-07T16:53:49 IST" name="tearDown" finished-at="2026-05-07T16:53:50 IST" duration-ms="324" status="PASS">
          <reporter-output>
          </reporter-output>
        </test-method> <!-- tearDown -->
      </class> <!-- Test.TC003 -->
      <class name="Test.TC004">
        <test-method is-config="true" signature="setUp(java.lang.String)[pri:0, instance:Test.TC004@6f204a1a]" started-at="2026-05-07T16:53:50 IST" name="setUp" finished-at="2026-05-07T16:53:56 IST" duration-ms="5780" status="PASS">
          <params>
            <param index="0">
              <value>
                <![CDATA[chrome]]>
              </value>
            </param>
          </params>
          <reporter-output>
          </reporter-output>
        </test-method> <!-- setUp -->
        <test-method signature="checkoutFlow()[pri:0, instance:Test.TC004@6f204a1a]" started-at="2026-05-07T16:53:56 IST" name="checkoutFlow" finished-at="2026-05-07T16:55:23 IST" duration-ms="87312" status="PASS">
          <reporter-output>
          </reporter-output>
        </test-method> <!-- checkoutFlow -->
        <test-method is-config="true" signature="tearDown()[pri:0, instance:Test.TC004@6f204a1a]" started-at="2026-05-07T16:55:23 IST" name="tearDown" finished-at="2026-05-07T16:55:23 IST" duration-ms="396" status="PASS">
          <reporter-output>
          </reporter-output>
        </test-method> <!-- tearDown -->
        <test-method is-config="true" signature="setUp(java.lang.String)[pri:0, instance:Test.TC004@6f204a1a]" started-at="2026-05-07T16:55:23 IST" name="setUp" finished-at="2026-05-07T16:55:30 IST" duration-ms="6490" status="PASS">
          <params>
            <param index="0">
              <value>
                <![CDATA[chrome]]>
              </value>
            </param>
          </params>
          <reporter-output>
          </reporter-output>
        </test-method> <!-- setUp -->
        <test-method retried="true" signature="multiProductCartLogic()[pri:0, instance:Test.TC004@6f204a1a]" started-at="2026-05-07T16:55:30 IST" name="multiProductCartLogic" finished-at="2026-05-07T16:56:18 IST" duration-ms="47718" status="SKIP">
          <exception class="org.openqa.selenium.TimeoutException">
            <message>
              <![CDATA[Expected condition failed: waiting for element to be clickable: By.xpath: //input[@id='quantity'] (tried for 10 second(s) with 500 milliseconds interval)
Build info: version: '4.39.0', revision: '126f156aee'
System info: os.name: 'Windows 11', os.arch: 'amd64', os.version: '10.0', java.version: '21.0.4'
Driver info: org.openqa.selenium.chrome.ChromeDriver
Capabilities {acceptInsecureCerts: false, browserName: chrome, browserVersion: 147.0.7727.138, chrome: {chromedriverVersion: 147.0.7727.117 (474cc805edd..., userDataDir: C:\Users\pukki\AppData\Loca...}, fedcm:accounts: true, goog:chromeOptions: {debuggerAddress: localhost:57899}, goog:processID: 10372, networkConnectionEnabled: false, pageLoadStrategy: normal, platformName: windows, proxy: Proxy(), se:cdp: ws://localhost:57899/devtoo..., se:cdpVersion: 147.0.7727.138, setWindowRect: true, strictFileInteractability: false, timeouts: {implicit: 0, pageLoad: 300000, script: 30000}, unhandledPromptBehavior: dismiss and notify, webauthn:extension:credBlob: true, webauthn:extension:largeBlob: true, webauthn:extension:minPinLength: true, webauthn:extension:prf: true, webauthn:virtualAuthenticators: true}
Session ID: aa684194b2fa3450c1c880ec3ef837a4]]>
            </message>
            <full-stacktrace>
              <![CDATA[org.openqa.selenium.TimeoutException: Expected condition failed: waiting for element to be clickable: By.xpath: //input[@id='quantity'] (tried for 10 second(s) with 500 milliseconds interval)
Build info: version: '4.39.0', revision: '126f156aee'
System info: os.name: 'Windows 11', os.arch: 'amd64', os.version: '10.0', java.version: '21.0.4'
Driver info: org.openqa.selenium.chrome.ChromeDriver
Capabilities {acceptInsecureCerts: false, browserName: chrome, browserVersion: 147.0.7727.138, chrome: {chromedriverVersion: 147.0.7727.117 (474cc805edd..., userDataDir: C:\Users\pukki\AppData\Loca...}, fedcm:accounts: true, goog:chromeOptions: {debuggerAddress: localhost:57899}, goog:processID: 10372, networkConnectionEnabled: false, pageLoadStrategy: normal, platformName: windows, proxy: Proxy(), se:cdp: ws://localhost:57899/devtoo..., se:cdpVersion: 147.0.7727.138, setWindowRect: true, strictFileInteractability: false, timeouts: {implicit: 0, pageLoad: 300000, script: 30000}, unhandledPromptBehavior: dismiss and notify, webauthn:extension:credBlob: true, webauthn:extension:largeBlob: true, webauthn:extension:minPinLength: true, webauthn:extension:prf: true, webauthn:virtualAuthenticators: true}
Session ID: aa684194b2fa3450c1c880ec3ef837a4
at org.openqa.selenium.support.ui.WebDriverWait.timeoutException(WebDriverWait.java:84)
at org.openqa.selenium.support.ui.FluentWait.until(FluentWait.java:228)
at utils.waitClass.clickForElementWait(waitClass.java:26)
at pages.CartPage.increaseProductQuantity(CartPage.java:63)
at Test.TC004.multiProductCartLogic(TC004.java:33)
at java.base/jdk.internal.reflect.DirectMethodHandleAccessor.invoke(DirectMethodHandleAccessor.java:103)
at java.base/java.lang.reflect.Method.invoke(Method.java:580)
at org.testng.internal.invokers.MethodInvocationHelper.invokeMethod(MethodInvocationHelper.java:141)
at org.testng.internal.invokers.TestInvoker.invokeMethod(TestInvoker.java:687)
at org.testng.internal.invokers.TestInvoker.invokeTestMethod(TestInvoker.java:230)
at org.testng.internal.invokers.MethodRunner.runInSequence(MethodRunner.java:63)
at org.testng.internal.invokers.TestInvoker$MethodInvocationAgent.invoke(TestInvoker.java:995)
at org.testng.internal.invokers.TestInvoker.invokeTestMethods(TestInvoker.java:203)
at org.testng.internal.invokers.TestMethodWorker.invokeTestMethods(TestMethodWorker.java:154)
at org.testng.internal.invokers.TestMethodWorker.run(TestMethodWorker.java:134)
at java.base/java.util.ArrayList.forEach(ArrayList.java:1596)
at org.testng.TestRunner.privateRun(TestRunner.java:741)
at org.testng.TestRunner.run(TestRunner.java:616)
at org.testng.SuiteRunner.runTest(SuiteRunner.java:421)
at org.testng.SuiteRunner$SuiteWorker.run(SuiteRunner.java:463)
at org.testng.internal.thread.ThreadUtil.lambda$execute$0(ThreadUtil.java:64)
at java.base/java.util.concurrent.FutureTask.run(FutureTask.java:317)
at java.base/java.util.concurrent.ThreadPoolExecutor.runWorker(ThreadPoolExecutor.java:1144)
at java.base/java.util.concurrent.ThreadPoolExecutor$Worker.run(ThreadPoolExecutor.java:642)
at java.base/java.lang.Thread.run(Thread.java:1583)
]]>
            </full-stacktrace>
          </exception> <!-- org.openqa.selenium.TimeoutException -->
          <reporter-output>
          </reporter-output>
        </test-method> <!-- multiProductCartLogic -->
        <test-method is-config="true" signature="tearDown()[pri:0, instance:Test.TC004@6f204a1a]" started-at="2026-05-07T16:56:18 IST" name="tearDown" finished-at="2026-05-07T16:56:18 IST" duration-ms="435" status="PASS">
          <reporter-output>
          </reporter-output>
        </test-method> <!-- tearDown -->
        <test-method is-config="true" signature="setUp(java.lang.String)[pri:0, instance:Test.TC004@6f204a1a]" started-at="2026-05-07T16:56:18 IST" name="setUp" finished-at="2026-05-07T16:56:25 IST" duration-ms="7496" status="PASS">
          <params>
            <param index="0">
              <value>
                <![CDATA[chrome]]>
              </value>
            </param>
          </params>
          <reporter-output>
          </reporter-output>
        </test-method> <!-- setUp -->
        <test-method retried="true" signature="multiProductCartLogic()[pri:0, instance:Test.TC004@6f204a1a]" started-at="2026-05-07T16:56:25 IST" name="multiProductCartLogic" finished-at="2026-05-07T16:57:14 IST" duration-ms="48668" status="SKIP">
          <exception class="org.openqa.selenium.TimeoutException">
            <message>
              <![CDATA[Expected condition failed: waiting for visibility of all elements located by By.xpath: //div[@class='product-image-wrapper'] (tried for 10 second(s) with 500 milliseconds interval)
Build info: version: '4.39.0', revision: '126f156aee'
System info: os.name: 'Windows 11', os.arch: 'amd64', os.version: '10.0', java.version: '21.0.4'
Driver info: org.openqa.selenium.chrome.ChromeDriver
Capabilities {acceptInsecureCerts: false, browserName: chrome, browserVersion: 147.0.7727.138, chrome: {chromedriverVersion: 147.0.7727.117 (474cc805edd..., userDataDir: C:\Users\pukki\AppData\Loca...}, fedcm:accounts: true, goog:chromeOptions: {debuggerAddress: localhost:56797}, goog:processID: 17736, networkConnectionEnabled: false, pageLoadStrategy: normal, platformName: windows, proxy: Proxy(), se:cdp: ws://localhost:56797/devtoo..., se:cdpVersion: 147.0.7727.138, setWindowRect: true, strictFileInteractability: false, timeouts: {implicit: 0, pageLoad: 300000, script: 30000}, unhandledPromptBehavior: dismiss and notify, webauthn:extension:credBlob: true, webauthn:extension:largeBlob: true, webauthn:extension:minPinLength: true, webauthn:extension:prf: true, webauthn:virtualAuthenticators: true}
Session ID: ac5ffc92a1fa81844fe70c3e70d156ed]]>
            </message>
            <full-stacktrace>
              <![CDATA[org.openqa.selenium.TimeoutException: Expected condition failed: waiting for visibility of all elements located by By.xpath: //div[@class='product-image-wrapper'] (tried for 10 second(s) with 500 milliseconds interval)
Build info: version: '4.39.0', revision: '126f156aee'
System info: os.name: 'Windows 11', os.arch: 'amd64', os.version: '10.0', java.version: '21.0.4'
Driver info: org.openqa.selenium.chrome.ChromeDriver
Capabilities {acceptInsecureCerts: false, browserName: chrome, browserVersion: 147.0.7727.138, chrome: {chromedriverVersion: 147.0.7727.117 (474cc805edd..., userDataDir: C:\Users\pukki\AppData\Loca...}, fedcm:accounts: true, goog:chromeOptions: {debuggerAddress: localhost:56797}, goog:processID: 17736, networkConnectionEnabled: false, pageLoadStrategy: normal, platformName: windows, proxy: Proxy(), se:cdp: ws://localhost:56797/devtoo..., se:cdpVersion: 147.0.7727.138, setWindowRect: true, strictFileInteractability: false, timeouts: {implicit: 0, pageLoad: 300000, script: 30000}, unhandledPromptBehavior: dismiss and notify, webauthn:extension:credBlob: true, webauthn:extension:largeBlob: true, webauthn:extension:minPinLength: true, webauthn:extension:prf: true, webauthn:virtualAuthenticators: true}
Session ID: ac5ffc92a1fa81844fe70c3e70d156ed
at org.openqa.selenium.support.ui.WebDriverWait.timeoutException(WebDriverWait.java:84)
at org.openqa.selenium.support.ui.FluentWait.until(FluentWait.java:228)
at utils.waitClass.clickWaitForMultipleElements(waitClass.java:29)
at pages.ProductPage.getToIncreaseQuantity(ProductPage.java:130)
at Test.TC004.multiProductCartLogic(TC004.java:32)
at java.base/jdk.internal.reflect.DirectMethodHandleAccessor.invoke(DirectMethodHandleAccessor.java:103)
at java.base/java.lang.reflect.Method.invoke(Method.java:580)
at org.testng.internal.invokers.MethodInvocationHelper.invokeMethod(MethodInvocationHelper.java:141)
at org.testng.internal.invokers.TestInvoker.invokeMethod(TestInvoker.java:687)
at org.testng.internal.invokers.TestInvoker.retryFailed(TestInvoker.java:269)
at org.testng.internal.invokers.MethodRunner.runInSequence(MethodRunner.java:76)
at org.testng.internal.invokers.TestInvoker$MethodInvocationAgent.invoke(TestInvoker.java:995)
at org.testng.internal.invokers.TestInvoker.invokeTestMethods(TestInvoker.java:203)
at org.testng.internal.invokers.TestMethodWorker.invokeTestMethods(TestMethodWorker.java:154)
at org.testng.internal.invokers.TestMethodWorker.run(TestMethodWorker.java:134)
at java.base/java.util.ArrayList.forEach(ArrayList.java:1596)
at org.testng.TestRunner.privateRun(TestRunner.java:741)
at org.testng.TestRunner.run(TestRunner.java:616)
at org.testng.SuiteRunner.runTest(SuiteRunner.java:421)
at org.testng.SuiteRunner$SuiteWorker.run(SuiteRunner.java:463)
at org.testng.internal.thread.ThreadUtil.lambda$execute$0(ThreadUtil.java:64)
at java.base/java.util.concurrent.FutureTask.run(FutureTask.java:317)
at java.base/java.util.concurrent.ThreadPoolExecutor.runWorker(ThreadPoolExecutor.java:1144)
at java.base/java.util.concurrent.ThreadPoolExecutor$Worker.run(ThreadPoolExecutor.java:642)
at java.base/java.lang.Thread.run(Thread.java:1583)
]]>
            </full-stacktrace>
          </exception> <!-- org.openqa.selenium.TimeoutException -->
          <reporter-output>
          </reporter-output>
        </test-method> <!-- multiProductCartLogic -->
        <test-method is-config="true" signature="tearDown()[pri:0, instance:Test.TC004@6f204a1a]" started-at="2026-05-07T16:57:14 IST" name="tearDown" finished-at="2026-05-07T16:57:15 IST" duration-ms="391" status="PASS">
          <reporter-output>
          </reporter-output>
        </test-method> <!-- tearDown -->
        <test-method is-config="true" signature="setUp(java.lang.String)[pri:0, instance:Test.TC004@6f204a1a]" started-at="2026-05-07T16:57:15 IST" name="setUp" finished-at="2026-05-07T16:57:20 IST" duration-ms="5450" status="PASS">
          <params>
            <param index="0">
              <value>
                <![CDATA[chrome]]>
              </value>
            </param>
          </params>
          <reporter-output>
          </reporter-output>
        </test-method> <!-- setUp -->
        <test-method signature="multiProductCartLogic()[pri:0, instance:Test.TC004@6f204a1a]" started-at="2026-05-07T16:57:20 IST" name="multiProductCartLogic" finished-at="2026-05-07T16:58:10 IST" duration-ms="49871" status="PASS">
          <reporter-output>
          </reporter-output>
        </test-method> <!-- multiProductCartLogic -->
        <test-method is-config="true" signature="tearDown()[pri:0, instance:Test.TC004@6f204a1a]" started-at="2026-05-07T16:58:10 IST" name="tearDown" finished-at="2026-05-07T16:58:11 IST" duration-ms="523" status="PASS">
          <reporter-output>
          </reporter-output>
        </test-method> <!-- tearDown -->
      </class> <!-- Test.TC004 -->
      <class name="Test.MainTest">
        <test-method is-config="true" signature="setUp(java.lang.String)[pri:0, instance:Test.MainTest@7d9d0818]" started-at="2026-05-07T16:46:44 IST" name="setUp" finished-at="2026-05-07T16:46:52 IST" duration-ms="7702" status="PASS">
          <params>
            <param index="0">
              <value>
                <![CDATA[chrome]]>
              </value>
            </param>
          </params>
          <reporter-output>
          </reporter-output>
        </test-method> <!-- setUp -->
        <test-method retried="true" signature="loginTest()[pri:0, instance:Test.MainTest@7d9d0818]" started-at="2026-05-07T16:46:52 IST" name="loginTest" finished-at="2026-05-07T16:48:14 IST" duration-ms="82747" status="SKIP">
          <exception class="org.openqa.selenium.ElementClickInterceptedException">
            <message>
              <![CDATA[element click intercepted: Element <a href="/" data-qa="continue-button" class="btn btn-primary">...</a> is not clickable at point (1095, 391). Other element would receive the click: <iframe id="aswift_1" name="aswift_1" style="min-height: auto !important; max-height: none !important; min-width: auto !important; max-width: none !important; width: 100vw !important; height: 100vh !important; inset: 0px auto auto 0px !important; position: absolute !important; clear: none !important; display: inline !important; float: none !important; margin: 0px !important; opacity: 1 !important; overflow: visible !important; padding: 0px !important; vertical-align: baseline !important; visibility: visible !important; z-index: auto !important;" sandbox="allow-forms allow-popups allow-popups-to-escape-sandbox allow-same-origin allow-scripts allow-top-navigation-by-user-activation" width="" height="" frameborder="0" marginwidth="0" marginheight="0" vspace="0" hspace="0" allowtransparency="true" scrolling="no" allow="attribution-reporting; run-ad-auction" src="https://googleads.g.doubleclick.net/pagead/html/r20260505/r20190131/zrt_lookup_fy2021.html#RS-0-&amp;adk=1812271808&amp;client=ca-pub-1677597403311019&amp;fa=8&amp;ifi=2&amp;uci=a!2" data-google-container-id="a!2" tabindex="0" title="Advertisement" aria-label="Advertisement" data-google-query-id="CP2MjeiGp5QDFQ84NAgd-dgDBA" data-load-complete="true"></iframe>
  (Session info: chrome=147.0.7727.138)
Build info: version: '4.39.0', revision: '126f156aee'
System info: os.name: 'Windows 11', os.arch: 'amd64', os.version: '10.0', java.version: '21.0.4'
Driver info: org.openqa.selenium.chrome.ChromeDriver
Command: [c1b4ba3fd9ddcf82c11a4fba9d19d318, clickElement {id=f.832458E0B25EC956B5268FEA9BC89E54.d.FBE8FD04A66A8772A88845F4F5AED8CF.e.145}]
Capabilities {acceptInsecureCerts: false, browserName: chrome, browserVersion: 147.0.7727.138, chrome: {chromedriverVersion: 147.0.7727.117 (474cc805edd..., userDataDir: C:\Users\pukki\AppData\Loca...}, fedcm:accounts: true, goog:chromeOptions: {debuggerAddress: localhost:51042}, goog:processID: 3620, networkConnectionEnabled: false, pageLoadStrategy: normal, platformName: windows, proxy: Proxy(), se:cdp: ws://localhost:51042/devtoo..., se:cdpVersion: 147.0.7727.138, setWindowRect: true, strictFileInteractability: false, timeouts: {implicit: 0, pageLoad: 300000, script: 30000}, unhandledPromptBehavior: dismiss and notify, webauthn:extension:credBlob: true, webauthn:extension:largeBlob: true, webauthn:extension:minPinLength: true, webauthn:extension:prf: true, webauthn:virtualAuthenticators: true}
Element: [[ChromeDriver: chrome on windows (c1b4ba3fd9ddcf82c11a4fba9d19d318)] -> xpath: //a[@data-qa='continue-button']]
Session ID: c1b4ba3fd9ddcf82c11a4fba9d19d318]]>
            </message>
            <full-stacktrace>
              <![CDATA[org.openqa.selenium.ElementClickInterceptedException: element click intercepted: Element <a href="/" data-qa="continue-button" class="btn btn-primary">...</a> is not clickable at point (1095, 391). Other element would receive the click: <iframe id="aswift_1" name="aswift_1" style="min-height: auto !important; max-height: none !important; min-width: auto !important; max-width: none !important; width: 100vw !important; height: 100vh !important; inset: 0px auto auto 0px !important; position: absolute !important; clear: none !important; display: inline !important; float: none !important; margin: 0px !important; opacity: 1 !important; overflow: visible !important; padding: 0px !important; vertical-align: baseline !important; visibility: visible !important; z-index: auto !important;" sandbox="allow-forms allow-popups allow-popups-to-escape-sandbox allow-same-origin allow-scripts allow-top-navigation-by-user-activation" width="" height="" frameborder="0" marginwidth="0" marginheight="0" vspace="0" hspace="0" allowtransparency="true" scrolling="no" allow="attribution-reporting; run-ad-auction" src="https://googleads.g.doubleclick.net/pagead/html/r20260505/r20190131/zrt_lookup_fy2021.html#RS-0-&amp;adk=1812271808&amp;client=ca-pub-1677597403311019&amp;fa=8&amp;ifi=2&amp;uci=a!2" data-google-container-id="a!2" tabindex="0" title="Advertisement" aria-label="Advertisement" data-google-query-id="CP2MjeiGp5QDFQ84NAgd-dgDBA" data-load-complete="true"></iframe>
  (Session info: chrome=147.0.7727.138)
Build info: version: '4.39.0', revision: '126f156aee'
System info: os.name: 'Windows 11', os.arch: 'amd64', os.version: '10.0', java.version: '21.0.4'
Driver info: org.openqa.selenium.chrome.ChromeDriver
Command: [c1b4ba3fd9ddcf82c11a4fba9d19d318, clickElement {id=f.832458E0B25EC956B5268FEA9BC89E54.d.FBE8FD04A66A8772A88845F4F5AED8CF.e.145}]
Capabilities {acceptInsecureCerts: false, browserName: chrome, browserVersion: 147.0.7727.138, chrome: {chromedriverVersion: 147.0.7727.117 (474cc805edd..., userDataDir: C:\Users\pukki\AppData\Loca...}, fedcm:accounts: true, goog:chromeOptions: {debuggerAddress: localhost:51042}, goog:processID: 3620, networkConnectionEnabled: false, pageLoadStrategy: normal, platformName: windows, proxy: Proxy(), se:cdp: ws://localhost:51042/devtoo..., se:cdpVersion: 147.0.7727.138, setWindowRect: true, strictFileInteractability: false, timeouts: {implicit: 0, pageLoad: 300000, script: 30000}, unhandledPromptBehavior: dismiss and notify, webauthn:extension:credBlob: true, webauthn:extension:largeBlob: true, webauthn:extension:minPinLength: true, webauthn:extension:prf: true, webauthn:virtualAuthenticators: true}
Element: [[ChromeDriver: chrome on windows (c1b4ba3fd9ddcf82c11a4fba9d19d318)] -> xpath: //a[@data-qa='continue-button']]
Session ID: c1b4ba3fd9ddcf82c11a4fba9d19d318
at java.base/jdk.internal.reflect.DirectConstructorHandleAccessor.newInstance(DirectConstructorHandleAccessor.java:62)
at java.base/java.lang.reflect.Constructor.newInstanceWithCaller(Constructor.java:502)
at java.base/java.lang.reflect.Constructor.newInstance(Constructor.java:486)
at org.openqa.selenium.remote.ErrorCodec.decode(ErrorCodec.java:167)
at org.openqa.selenium.remote.codec.w3c.W3CHttpResponseCodec.decode(W3CHttpResponseCodec.java:142)
at org.openqa.selenium.remote.codec.w3c.W3CHttpResponseCodec.decode(W3CHttpResponseCodec.java:49)
at org.openqa.selenium.remote.HttpCommandExecutor.execute(HttpCommandExecutor.java:215)
at org.openqa.selenium.remote.service.DriverCommandExecutor.invokeExecute(DriverCommandExecutor.java:216)
at org.openqa.selenium.remote.service.DriverCommandExecutor.execute(DriverCommandExecutor.java:174)
at org.openqa.selenium.remote.RemoteWebDriver.execute(RemoteWebDriver.java:561)
at org.openqa.selenium.remote.RemoteWebElement.execute(RemoteWebElement.java:223)
at org.openqa.selenium.remote.RemoteWebElement.click(RemoteWebElement.java:76)
at pages.loginValidation.accountCreationDetail(loginValidation.java:110)
at Test.MainTest.loginTest(MainTest.java:23)
at java.base/jdk.internal.reflect.DirectMethodHandleAccessor.invoke(DirectMethodHandleAccessor.java:103)
at java.base/java.lang.reflect.Method.invoke(Method.java:580)
at org.testng.internal.invokers.MethodInvocationHelper.invokeMethod(MethodInvocationHelper.java:141)
at org.testng.internal.invokers.TestInvoker.invokeMethod(TestInvoker.java:687)
at org.testng.internal.invokers.TestInvoker.invokeTestMethod(TestInvoker.java:230)
at org.testng.internal.invokers.MethodRunner.runInSequence(MethodRunner.java:63)
at org.testng.internal.invokers.TestInvoker$MethodInvocationAgent.invoke(TestInvoker.java:995)
at org.testng.internal.invokers.TestInvoker.invokeTestMethods(TestInvoker.java:203)
at org.testng.internal.invokers.TestMethodWorker.invokeTestMethods(TestMethodWorker.java:154)
at org.testng.internal.invokers.TestMethodWorker.run(TestMethodWorker.java:134)
at java.base/java.util.ArrayList.forEach(ArrayList.java:1596)
at org.testng.TestRunner.privateRun(TestRunner.java:741)
at org.testng.TestRunner.run(TestRunner.java:616)
at org.testng.SuiteRunner.runTest(SuiteRunner.java:421)
at org.testng.SuiteRunner$SuiteWorker.run(SuiteRunner.java:463)
at org.testng.internal.thread.ThreadUtil.lambda$execute$0(ThreadUtil.java:64)
at java.base/java.util.concurrent.FutureTask.run(FutureTask.java:317)
at java.base/java.util.concurrent.ThreadPoolExecutor.runWorker(ThreadPoolExecutor.java:1144)
at java.base/java.util.concurrent.ThreadPoolExecutor$Worker.run(ThreadPoolExecutor.java:642)
at java.base/java.lang.Thread.run(Thread.java:1583)
]]>
            </full-stacktrace>
          </exception> <!-- org.openqa.selenium.ElementClickInterceptedException -->
          <reporter-output>
          </reporter-output>
        </test-method> <!-- loginTest -->
        <test-method is-config="true" signature="tearDown()[pri:0, instance:Test.MainTest@7d9d0818]" started-at="2026-05-07T16:48:14 IST" name="tearDown" finished-at="2026-05-07T16:48:15 IST" duration-ms="312" status="PASS">
          <reporter-output>
          </reporter-output>
        </test-method> <!-- tearDown -->
        <test-method is-config="true" signature="setUp(java.lang.String)[pri:0, instance:Test.MainTest@7d9d0818]" started-at="2026-05-07T16:48:15 IST" name="setUp" finished-at="2026-05-07T16:48:19 IST" duration-ms="4852" status="PASS">
          <params>
            <param index="0">
              <value>
                <![CDATA[chrome]]>
              </value>
            </param>
          </params>
          <reporter-output>
          </reporter-output>
        </test-method> <!-- setUp -->
        <test-method retried="true" signature="loginTest()[pri:0, instance:Test.MainTest@7d9d0818]" started-at="2026-05-07T16:48:19 IST" name="loginTest" finished-at="2026-05-07T16:49:20 IST" duration-ms="60331" status="SKIP">
          <exception class="org.openqa.selenium.ElementClickInterceptedException">
            <message>
              <![CDATA[element click intercepted: Element <a href="/" data-qa="continue-button" class="btn btn-primary">...</a> is not clickable at point (1095, 391). Other element would receive the click: <iframe id="aswift_2" name="aswift_2" style="min-height: auto !important; max-height: none !important; min-width: auto !important; max-width: none !important; width: 100vw !important; height: 100vh !important; inset: 0px auto auto 0px !important; position: absolute !important; clear: none !important; display: inline !important; float: none !important; margin: 0px !important; opacity: 1 !important; overflow: visible !important; padding: 0px !important; vertical-align: baseline !important; visibility: visible !important; z-index: auto !important;" sandbox="allow-forms allow-popups allow-popups-to-escape-sandbox allow-same-origin allow-scripts allow-top-navigation-by-user-activation" width="" height="" frameborder="0" marginwidth="0" marginheight="0" vspace="0" hspace="0" allowtransparency="true" scrolling="no" allow="attribution-reporting; run-ad-auction" src="https://googleads.g.doubleclick.net/pagead/html/r20260505/r20190131/zrt_lookup_fy2021.html#RS-0-&amp;adk=1812271808&amp;client=ca-pub-1677597403311019&amp;fa=8&amp;ifi=3&amp;uci=a!3" data-google-container-id="a!3" tabindex="0" title="Advertisement" aria-label="Advertisement" data-google-query-id="CMSW24eHp5QDFbqJfwQdw0oOMA" data-load-complete="true"></iframe>
  (Session info: chrome=147.0.7727.138)
Build info: version: '4.39.0', revision: '126f156aee'
System info: os.name: 'Windows 11', os.arch: 'amd64', os.version: '10.0', java.version: '21.0.4'
Driver info: org.openqa.selenium.chrome.ChromeDriver
Command: [3521831774bd62e31990facd7927685e, clickElement {id=f.6110D8D7C975FC76D3CA4D02EE1EE9A5.d.C8D019E89137D422978FF640BC25BF94.e.142}]
Capabilities {acceptInsecureCerts: false, browserName: chrome, browserVersion: 147.0.7727.138, chrome: {chromedriverVersion: 147.0.7727.117 (474cc805edd..., userDataDir: C:\Users\pukki\AppData\Loca...}, fedcm:accounts: true, goog:chromeOptions: {debuggerAddress: localhost:49198}, goog:processID: 9608, networkConnectionEnabled: false, pageLoadStrategy: normal, platformName: windows, proxy: Proxy(), se:cdp: ws://localhost:49198/devtoo..., se:cdpVersion: 147.0.7727.138, setWindowRect: true, strictFileInteractability: false, timeouts: {implicit: 0, pageLoad: 300000, script: 30000}, unhandledPromptBehavior: dismiss and notify, webauthn:extension:credBlob: true, webauthn:extension:largeBlob: true, webauthn:extension:minPinLength: true, webauthn:extension:prf: true, webauthn:virtualAuthenticators: true}
Element: [[ChromeDriver: chrome on windows (3521831774bd62e31990facd7927685e)] -> xpath: //a[@data-qa='continue-button']]
Session ID: 3521831774bd62e31990facd7927685e]]>
            </message>
            <full-stacktrace>
              <![CDATA[org.openqa.selenium.ElementClickInterceptedException: element click intercepted: Element <a href="/" data-qa="continue-button" class="btn btn-primary">...</a> is not clickable at point (1095, 391). Other element would receive the click: <iframe id="aswift_2" name="aswift_2" style="min-height: auto !important; max-height: none !important; min-width: auto !important; max-width: none !important; width: 100vw !important; height: 100vh !important; inset: 0px auto auto 0px !important; position: absolute !important; clear: none !important; display: inline !important; float: none !important; margin: 0px !important; opacity: 1 !important; overflow: visible !important; padding: 0px !important; vertical-align: baseline !important; visibility: visible !important; z-index: auto !important;" sandbox="allow-forms allow-popups allow-popups-to-escape-sandbox allow-same-origin allow-scripts allow-top-navigation-by-user-activation" width="" height="" frameborder="0" marginwidth="0" marginheight="0" vspace="0" hspace="0" allowtransparency="true" scrolling="no" allow="attribution-reporting; run-ad-auction" src="https://googleads.g.doubleclick.net/pagead/html/r20260505/r20190131/zrt_lookup_fy2021.html#RS-0-&amp;adk=1812271808&amp;client=ca-pub-1677597403311019&amp;fa=8&amp;ifi=3&amp;uci=a!3" data-google-container-id="a!3" tabindex="0" title="Advertisement" aria-label="Advertisement" data-google-query-id="CMSW24eHp5QDFbqJfwQdw0oOMA" data-load-complete="true"></iframe>
  (Session info: chrome=147.0.7727.138)
Build info: version: '4.39.0', revision: '126f156aee'
System info: os.name: 'Windows 11', os.arch: 'amd64', os.version: '10.0', java.version: '21.0.4'
Driver info: org.openqa.selenium.chrome.ChromeDriver
Command: [3521831774bd62e31990facd7927685e, clickElement {id=f.6110D8D7C975FC76D3CA4D02EE1EE9A5.d.C8D019E89137D422978FF640BC25BF94.e.142}]
Capabilities {acceptInsecureCerts: false, browserName: chrome, browserVersion: 147.0.7727.138, chrome: {chromedriverVersion: 147.0.7727.117 (474cc805edd..., userDataDir: C:\Users\pukki\AppData\Loca...}, fedcm:accounts: true, goog:chromeOptions: {debuggerAddress: localhost:49198}, goog:processID: 9608, networkConnectionEnabled: false, pageLoadStrategy: normal, platformName: windows, proxy: Proxy(), se:cdp: ws://localhost:49198/devtoo..., se:cdpVersion: 147.0.7727.138, setWindowRect: true, strictFileInteractability: false, timeouts: {implicit: 0, pageLoad: 300000, script: 30000}, unhandledPromptBehavior: dismiss and notify, webauthn:extension:credBlob: true, webauthn:extension:largeBlob: true, webauthn:extension:minPinLength: true, webauthn:extension:prf: true, webauthn:virtualAuthenticators: true}
Element: [[ChromeDriver: chrome on windows (3521831774bd62e31990facd7927685e)] -> xpath: //a[@data-qa='continue-button']]
Session ID: 3521831774bd62e31990facd7927685e
at java.base/jdk.internal.reflect.DirectConstructorHandleAccessor.newInstance(DirectConstructorHandleAccessor.java:62)
at java.base/java.lang.reflect.Constructor.newInstanceWithCaller(Constructor.java:502)
at java.base/java.lang.reflect.Constructor.newInstance(Constructor.java:486)
at org.openqa.selenium.remote.ErrorCodec.decode(ErrorCodec.java:167)
at org.openqa.selenium.remote.codec.w3c.W3CHttpResponseCodec.decode(W3CHttpResponseCodec.java:142)
at org.openqa.selenium.remote.codec.w3c.W3CHttpResponseCodec.decode(W3CHttpResponseCodec.java:49)
at org.openqa.selenium.remote.HttpCommandExecutor.execute(HttpCommandExecutor.java:215)
at org.openqa.selenium.remote.service.DriverCommandExecutor.invokeExecute(DriverCommandExecutor.java:216)
at org.openqa.selenium.remote.service.DriverCommandExecutor.execute(DriverCommandExecutor.java:174)
at org.openqa.selenium.remote.RemoteWebDriver.execute(RemoteWebDriver.java:561)
at org.openqa.selenium.remote.RemoteWebElement.execute(RemoteWebElement.java:223)
at org.openqa.selenium.remote.RemoteWebElement.click(RemoteWebElement.java:76)
at pages.loginValidation.accountCreationDetail(loginValidation.java:110)
at Test.MainTest.loginTest(MainTest.java:23)
at java.base/jdk.internal.reflect.DirectMethodHandleAccessor.invoke(DirectMethodHandleAccessor.java:103)
at java.base/java.lang.reflect.Method.invoke(Method.java:580)
at org.testng.internal.invokers.MethodInvocationHelper.invokeMethod(MethodInvocationHelper.java:141)
at org.testng.internal.invokers.TestInvoker.invokeMethod(TestInvoker.java:687)
at org.testng.internal.invokers.TestInvoker.retryFailed(TestInvoker.java:269)
at org.testng.internal.invokers.MethodRunner.runInSequence(MethodRunner.java:76)
at org.testng.internal.invokers.TestInvoker$MethodInvocationAgent.invoke(TestInvoker.java:995)
at org.testng.internal.invokers.TestInvoker.invokeTestMethods(TestInvoker.java:203)
at org.testng.internal.invokers.TestMethodWorker.invokeTestMethods(TestMethodWorker.java:154)
at org.testng.internal.invokers.TestMethodWorker.run(TestMethodWorker.java:134)
at java.base/java.util.ArrayList.forEach(ArrayList.java:1596)
at org.testng.TestRunner.privateRun(TestRunner.java:741)
at org.testng.TestRunner.run(TestRunner.java:616)
at org.testng.SuiteRunner.runTest(SuiteRunner.java:421)
at org.testng.SuiteRunner$SuiteWorker.run(SuiteRunner.java:463)
at org.testng.internal.thread.ThreadUtil.lambda$execute$0(ThreadUtil.java:64)
at java.base/java.util.concurrent.FutureTask.run(FutureTask.java:317)
at java.base/java.util.concurrent.ThreadPoolExecutor.runWorker(ThreadPoolExecutor.java:1144)
at java.base/java.util.concurrent.ThreadPoolExecutor$Worker.run(ThreadPoolExecutor.java:642)
at java.base/java.lang.Thread.run(Thread.java:1583)
]]>
            </full-stacktrace>
          </exception> <!-- org.openqa.selenium.ElementClickInterceptedException -->
          <reporter-output>
          </reporter-output>
        </test-method> <!-- loginTest -->
        <test-method is-config="true" signature="tearDown()[pri:0, instance:Test.MainTest@7d9d0818]" started-at="2026-05-07T16:49:20 IST" name="tearDown" finished-at="2026-05-07T16:49:20 IST" duration-ms="446" status="PASS">
          <reporter-output>
          </reporter-output>
        </test-method> <!-- tearDown -->
        <test-method is-config="true" signature="setUp(java.lang.String)[pri:0, instance:Test.MainTest@7d9d0818]" started-at="2026-05-07T16:49:20 IST" name="setUp" finished-at="2026-05-07T16:49:26 IST" duration-ms="5326" status="PASS">
          <params>
            <param index="0">
              <value>
                <![CDATA[chrome]]>
              </value>
            </param>
          </params>
          <reporter-output>
          </reporter-output>
        </test-method> <!-- setUp -->
        <test-method signature="loginTest()[pri:0, instance:Test.MainTest@7d9d0818]" started-at="2026-05-07T16:49:26 IST" name="loginTest" finished-at="2026-05-07T16:50:06 IST" duration-ms="40553" status="PASS">
          <reporter-output>
          </reporter-output>
        </test-method> <!-- loginTest -->
        <test-method is-config="true" signature="tearDown()[pri:0, instance:Test.MainTest@7d9d0818]" started-at="2026-05-07T16:50:07 IST" name="tearDown" finished-at="2026-05-07T16:50:07 IST" duration-ms="453" status="PASS">
          <reporter-output>
          </reporter-output>
        </test-method> <!-- tearDown -->
      </class> <!-- Test.MainTest -->
    </test> <!-- ChromeTest -->
  </suite> <!-- Suite -->
</testng-results>
