<?xml version="1.0" encoding="UTF-8"?>
<!-- Generated by org.testng.reporters.JUnitReportReporter -->
<testsuite hostname="LAPTOP-EVFAD97F" failures="0" tests="4" name="Test.MainTest" time="227.720" errors="0" timestamp="2026-05-07T16:58:11 IST" skipped="2">
  <testcase classname="Test.MainTest" name="loginTest" time="88.519">
    <skipped/>
  </testcase> <!-- loginTest -->
  <testcase classname="Test.MainTest" name="loginTest" time="68.345">
    <skipped/>
  </testcase> <!-- loginTest -->
  <testcase classname="Test.MainTest" name="loginTest" time="45.858"/>
  <testcase classname="Test.MainTest" name="loginTest" time="24.998"/>
</testsuite> <!-- Test.MainTest -->
