<?xml version="1.0" encoding="UTF-8"?>
<!-- Generated by org.testng.reporters.JUnitReportReporter -->
<testsuite hostname="LAPTOP-EVFAD97F" failures="0" tests="9" name="Test.TC002" time="377.015" errors="0" timestamp="2026-05-06T14:39:46 IST" skipped="3">
  <testcase classname="Test.TC002" name="productTest" time="74.673"/>
  <testcase classname="Test.TC002" name="productTest" time="37.031"/>
  <testcase classname="Test.TC002" name="productTest" time="46.663"/>
  <testcase classname="Test.TC002" name="productTest" time="76.841"/>
  <testcase classname="Test.TC002" name="productTest" time="10.781">
    <skipped/>
  </testcase> <!-- productTest -->
  <testcase classname="Test.TC002" name="productTest" time="48.976"/>
  <testcase classname="Test.TC002" name="productTest" time="24.943">
    <skipped/>
  </testcase> <!-- productTest -->
  <testcase classname="Test.TC002" name="productTest" time="23.757">
    <skipped/>
  </testcase> <!-- productTest -->
  <testcase classname="Test.TC002" name="productTest" time="33.350"/>
</testsuite> <!-- Test.TC002 -->
