<?xml version="1.0" encoding="UTF-8"?>
<!-- Generated by org.testng.reporters.JUnitReportReporter -->
<testsuite hostname="LAPTOP-EVFAD97F" failures="0" tests="3" name="Test.TC003" time="70.476" errors="0" timestamp="2026-03-09T18:06:25 IST" skipped="0">
  <testcase classname="Test.TC003" name="addTwoDifferentProduct" time="19.218"/>
  <testcase classname="Test.TC003" name="increaseQuantity" time="26.550"/>
  <testcase classname="Test.TC003" name="addProductToCart" time="24.708"/>
</testsuite> <!-- Test.TC003 -->
