<?xml version="1.0" encoding="UTF-8"?>
<!-- Generated by org.testng.reporters.JUnitReportReporter -->
<testsuite hostname="LAPTOP-EVFAD97F" failures="0" tests="6" name="Test.TC004" time="338.434" errors="0" timestamp="2026-05-07T16:58:11 IST" skipped="2">
  <testcase classname="Test.TC004" name="checkoutFlow" time="44.703"/>
  <testcase classname="Test.TC004" name="multiProductCartLogic" time="54.509">
    <skipped/>
  </testcase> <!-- multiProductCartLogic -->
  <testcase classname="Test.TC004" name="multiProductCartLogic" time="33.201"/>
  <testcase classname="Test.TC004" name="multiProductCartLogic" time="57.763"/>
  <testcase classname="Test.TC004" name="multiProductCartLogic" time="53.933">
    <skipped/>
  </testcase> <!-- multiProductCartLogic -->
  <testcase classname="Test.TC004" name="checkoutFlow" time="94.325"/>
</testsuite> <!-- Test.TC004 -->
