<?xml version="1.0" encoding="UTF-8"?>
<!-- Generated by org.testng.reporters.JUnitReportReporter -->
<testsuite hostname="LAPTOP-EVFAD97F" failures="0" tests="6" name="Test.TC002" time="140.940" errors="0" timestamp="2026-05-07T16:58:11 IST" skipped="0">
  <testcase classname="Test.TC002" name="productTest" time="21.544"/>
  <testcase classname="Test.TC002" name="productTest" time="24.314"/>
  <testcase classname="Test.TC002" name="productTest" time="41.245"/>
  <testcase classname="Test.TC002" name="productTest" time="15.793"/>
  <testcase classname="Test.TC002" name="productTest" time="22.002"/>
  <testcase classname="Test.TC002" name="productTest" time="16.042"/>
</testsuite> <!-- Test.TC002 -->
